build/app/outputs/mapping/release/mapping.txt
# compiler: R8
# compiler_version: 2.1.62
# min_api: 16
# pg_map_id: 5cdf240
# common_typos_disable
...
androidx.activity.Cancellable -> androidx.activity.a:
androidx.activity.ComponentActivity -> androidx.activity.b:
    androidx.lifecycle.ViewModelStore getViewModelStore() -> a
androidx.activity.ComponentActivity$2 -> androidx.activity.ComponentActivity$2:
    androidx.activity.ComponentActivity this$0 -> a
    void onStateChanged(androidx.lifecycle.LifecycleOwner,androidx.lifecycle.Lifecycle$Event) -> g
androidx.activity.ComponentActivity$3 -> androidx.activity.ComponentActivity$3:
    androidx.activity.ComponentActivity this$0 -> a
    void onStateChanged(androidx.lifecycle.LifecycleOwner,androidx.lifecycle.Lifecycle$Event) -> g
androidx.activity.ImmLeaksCleaner -> androidx.activity.ImmLeaksCleaner:
    java.lang.reflect.Field sServedViewField -> d
    java.lang.reflect.Field sNextServedViewField -> e
    java.lang.reflect.Field sHField -> c
    int sReflectedFieldsInitialized -> b
    android.app.Activity mActivity -> a
    void onStateChanged(androidx.lifecycle.LifecycleOwner,androidx.lifecycle.Lifecycle$Event) -> g
    void initializeReflectiveFields() -> h
androidx.activity.OnBackPressedCallback -> androidx.activity.c:
    void removeCancellable(androidx.activity.Cancellable) -> a
androidx.activity.OnBackPressedDispatcher -> androidx.activity.OnBackPressedDispatcher:
    androidx.activity.Cancellable addCancellableCallback(androidx.activity.OnBackPressedCallback) -> a
    void onBackPressed() -> b
androidx.activity.OnBackPressedDispatcher$LifecycleOnBackPressedCancellable -> androidx.activity.OnBackPressedDispatcher$LifecycleOnBackPressedCancellable:
    androidx.lifecycle.Lifecycle mLifecycle -> a
    androidx.activity.OnBackPressedCallback mOnBackPressedCallback -> b
    androidx.activity.OnBackPressedDispatcher this$0 -> d
    androidx.activity.Cancellable mCurrentCancellable -> c
    void onStateChanged(androidx.lifecycle.LifecycleOwner,androidx.lifecycle.Lifecycle$Event) -> g
androidx.activity.OnBackPressedDispatcherOwner -> androidx.activity.d:
    androidx.activity.OnBackPressedDispatcher getOnBackPressedDispatcher() -> i
androidx.arch.core.internal.FastSafeIterableMap -> a.a.a.a.a:
    java.util.HashMap mHashMap -> e
    androidx.arch.core.internal.SafeIterableMap$Entry get(java.lang.Object) -> c
    java.lang.Object remove(java.lang.Object) -> f
androidx.arch.core.internal.SafeIterableMap -> a.a.a.a.b:
    androidx.arch.core.internal.SafeIterableMap$Entry mStart -> a
    androidx.arch.core.internal.SafeIterableMap$Entry mEnd -> b
    int mSize -> d
    java.util.WeakHashMap mIterators -> c
    java.util.Iterator descendingIterator() -> a
    java.util.Map$Entry eldest() -> b
    androidx.arch.core.internal.SafeIterableMap$Entry get(java.lang.Object) -> c
    androidx.arch.core.internal.SafeIterableMap$IteratorWithAdditions iteratorWithAdditions() -> d
    java.util.Map$Entry newest() -> e
    java.lang.Object remove(java.lang.Object) -> f
androidx.arch.core.internal.SafeIterableMap$AscendingIterator -> a.a.a.a.b$a:
    androidx.arch.core.internal.SafeIterableMap$Entry backward(androidx.arch.core.internal.SafeIterableMap$Entry) -> b
    androidx.arch.core.internal.SafeIterableMap$Entry forward(androidx.arch.core.internal.SafeIterableMap$Entry) -> c
androidx.arch.core.internal.SafeIterableMap$DescendingIterator -> a.a.a.a.b$b:
    androidx.arch.core.internal.SafeIterableMap$Entry backward(androidx.arch.core.internal.SafeIterableMap$Entry) -> b
    androidx.arch.core.internal.SafeIterableMap$Entry forward(androidx.arch.core.internal.SafeIterableMap$Entry) -> c
androidx.arch.core.internal.SafeIterableMap$Entry -> a.a.a.a.b$c:
    androidx.arch.core.internal.SafeIterableMap$Entry mNext -> c
    androidx.arch.core.internal.SafeIterableMap$Entry mPrevious -> d
    java.lang.Object mValue -> b
    java.lang.Object mKey -> a