build/app/outputs/mapping/release/usage.txt
com.example.gsheettest.R$id
com.example.gsheettest.R$string
com.example.gsheettest.R$dimen
com.example.gsheettest.R$mipmap
com.example.gsheettest.R$style
com.example.gsheettest.R$layout
com.example.gsheettest.R$styleable
com.example.gsheettest.R$drawable
com.example.gsheettest.R$attr
com.example.gsheettest.BuildConfig
com.example.gsheettest.R$integer
com.example.gsheettest.R$color
com.example.gsheettest.R
...
kotlin.sequences.FlatteningSequence$iterator$1
kotlin.collections.ArraysKt___ArraysJvmKt$asList$3
io.flutter.plugin.platform.PlatformViewsController:
    private static final java.lang.String TAG
kotlin.sequences.TransformingSequence$iterator$1
kotlin.text.StringsKt__IndentKt$prependIndent$1
kotlin.NumbersKt__BigIntegersKt
kotlin.comparisons.ComparisonsKt__ComparisonsKt$thenBy$1
kotlin.time.DurationUnitKt$WhenMappings
androidx.core.R$drawable
androidx.core.text.BidiFormatter
androidx.core.view.inputmethod.InputConnectionCompat$1
androidx.loader.content.AsyncTaskLoader
io.flutter.view.FlutterView$SurfaceTextureRegistryEntry$1
kotlin.SuspendKt
androidx.core.view.InputDeviceCompat
androidx.viewpager.widget.ViewPager$SimpleOnPageChangeListener
io.github.ponnamkarthik.toast.fluttertoast.MethodCallHandlerImpl$onMethodCall$2
kotlin.jvm.functions.Function9
androidx.core.provider.FontRequest
androidx.fragment.app.FragmentTabHost$DummyTabFactory
kotlin.collections.ArraysKt___ArraysKt$withIndex$9
androidx.fragment.R$id
kotlin.coroutines.CombinedContext$toString$1
androidx.core.graphics.TypefaceCompatApi28Impl
kotlin.coroutines.Continuation
androidx.activity.R$string
kotlin.system.TimingKt
androidx.lifecycle.SingleGeneratedAdapterObserver:
    void <init>(androidx.lifecycle.GeneratedAdapter)
kotlin.math.MathKt
androidx.core.view.OnApplyWindowInsetsListener
androidx.core.content.pm.PermissionInfoCompat$ProtectionFlags
kotlin.jvm.internal.ArrayCharIterator
androidx.loader.app.LoaderManagerImpl$LoaderInfo
androidx.core.provider.FontsContractCompat$FontRequestCallback$FontRequestFailReason
kotlin.sequences.SequencesKt__SequencesKt$generateSequence$1
androidx.lifecycle.ComputableLiveData$1
androidx.core.util.LogWriter
kotlin.text.SystemProperties
kotlin.internal.LowPriorityInOverloadResolution
kotlin.ExceptionsKt
kotlin.coroutines.CoroutineContext$plus$1
androidx.fragment.app.FragmentManagerImpl$StartEnterTransitionListener
androidx.core.app.NotificationCompat$Builder
androidx.core.net.ConnectivityManagerCompat$RestrictBackgroundStatus
io.flutter.plugin.platform.PlatformPlugin:
    public void <init>(android.app.Activity,io.flutter.embedding.engine.systemchannels.PlatformChannel)
    public static final int DEFAULT_SYSTEM_UI
    private static final java.lang.String TAG
kotlin.collections.AbstractList$ListIteratorImpl
kotlin.time.DurationUnitKt
kotlin.text.MatchResult$DefaultImpls
androidx.core.graphics.TypefaceCompatApi21Impl
androidx.lifecycle.LiveData$1
androidx.versionedparcelable.VersionedParcelize
androidx.fragment.app.FragmentTransitionCompat21$3
kotlin.ranges.ClosedRange
androidx.lifecycle.DefaultLifecycleObserver
kotlin.sequences.TransformingSequence
io.flutter.embedding.engine.loader.ResourceExtractor$ExtractTask
io.flutter.embedding.android.FlutterTextureView:
    private static final java.lang.String TAG
kotlin.properties.ReadWriteProperty
androidx.loader.content.ModernAsyncTask$Status
androidx.core.view.ViewCompat
androidx.lifecycle.ViewModelProvider$NewInstanceFactory
io.flutter.embedding.engine.plugins.shim.ShimPluginRegistry$1
androidx.fragment.app.FragmentManagerImpl$FragmentTag
kotlin.jvm.internal.markers.KMutableIterable
androidx.lifecycle.ViewModelProvider
androidx.core.os.CancellationSignal
androidx.core.app.NotificationCompat$BadgeIconType
org.jetbrains.annotations.NotNull
androidx.loader.app.LoaderManagerImpl
kotlin.text.CharDirectionality$Companion$directionalityMap$2
androidx.loader.app.LoaderManager
kotlin.comparisons.ComparisonsKt__ComparisonsKt$thenByDescending$1
androidx.fragment.app.FragmentTransition$4
androidx.core.provider.SelfDestructiveThread$2
androidx.fragment.app.FragmentState
androidx.loader.R$integer
androidx.core.graphics.TypefaceCompatApi26Impl
androidx.core.view.DragStartHelper$2
android.support.v4.os.IResultReceiver$Stub
kotlin.collections.CollectionsKt__IteratorsKt
androidx.arch.core.util.Function
kotlin.text.RegexOption
android.support.v4.app.INotificationSideChannel$Stub$Proxy